android/app/build/intermediates/manifest_merge_blame_file/release/manifest-merger-blame-release-report.txt
1<?xml version="1.0" encoding="utf-8"?>
2<manifest xmlns:android="http://schemas.android.com/apk/res/android"
3    package="com.games.oneclick"
4    android:versionCode="1"
5    android:versionName="1.0.0" >
6
7    <uses-sdk
8        android:minSdkVersion="21"
9        android:targetSdkVersion="34" />
10
11    <uses-permission android:name="android.permission.INTERNET" />
11-->src/main/AndroidManifest.xml:5:5-67
11-->src/main/AndroidManifest.xml:5:22-64
12
13    <queries>
13-->[com.google.androidbrowserhelper:androidbrowserhelper:2.5.0] AndroidManifest.xml:26:5-34:15
14        <intent>
14-->[com.google.androidbrowserhelper:androidbrowserhelper:2.5.0] AndroidManifest.xml:27:9-33:18
15            <action android:name="android.intent.action.VIEW" />
15-->src/main/AndroidManifest.xml:33:17-69
15-->src/main/AndroidManifest.xml:33:25-66
16
17            <category android:name="android.intent.category.BROWSABLE" />
17-->src/main/AndroidManifest.xml:35:17-78
17-->src/main/AndroidManifest.xml:35:27-75
18
19            <data android:scheme="https" />
19-->src/main/AndroidManifest.xml:36:17-75
19-->src/main/AndroidManifest.xml:36:23-45
20        </intent>
21    </queries>
22
23    <application
23-->src/main/AndroidManifest.xml:7:5-54:19
24        android:allowBackup="true"
24-->src/main/AndroidManifest.xml:8:9-35
25        android:appComponentFactory="androidx.core.app.CoreComponentFactory"
25-->[androidx.core:core:1.1.0] AndroidManifest.xml:24:18-86
26        android:extractNativeLibs="true"
27        android:icon="@mipmap/ic_launcher"
27-->src/main/AndroidManifest.xml:9:9-43
28        android:label="@string/app_name"
28-->src/main/AndroidManifest.xml:10:9-41
29        android:roundIcon="@mipmap/ic_launcher_round"
29-->src/main/AndroidManifest.xml:11:9-54
30        android:supportsRtl="true"
30-->src/main/AndroidManifest.xml:12:9-35
31        android:theme="@style/AppTheme" >
31-->src/main/AndroidManifest.xml:13:9-40
32        <meta-data
32-->src/main/AndroidManifest.xml:15:9-17:59
33            android:name="asset_statements"
33-->src/main/AndroidManifest.xml:16:13-44
34            android:resource="@string/asset_statements" />
34-->src/main/AndroidManifest.xml:17:13-56
35
36        <activity
36-->src/main/AndroidManifest.xml:19:9-38:20
37            android:name="com.google.androidbrowserhelper.trusted.LauncherActivity"
37-->src/main/AndroidManifest.xml:20:13-84
38            android:exported="true"
38-->src/main/AndroidManifest.xml:21:13-36
39            android:screenOrientation="portrait" >
39-->src/main/AndroidManifest.xml:22:13-49
40            <intent-filter>
40-->src/main/AndroidManifest.xml:23:13-26:29
41                <action android:name="android.intent.action.MAIN" />
41-->src/main/AndroidManifest.xml:24:17-69
41-->src/main/AndroidManifest.xml:24:25-66
42
43                <category android:name="android.intent.category.LAUNCHER" />
43-->src/main/AndroidManifest.xml:25:17-77
43-->src/main/AndroidManifest.xml:25:27-74
44            </intent-filter>
45
46            <meta-data
46-->src/main/AndroidManifest.xml:28:13-30:55
47                android:name="android.support.customtabs.trusted.DEFAULT_URL"
47-->src/main/AndroidManifest.xml:29:17-78
48                android:value="https://1click.live" />
48-->src/main/AndroidManifest.xml:30:17-52
49
50            <intent-filter android:autoVerify="true" >
50-->src/main/AndroidManifest.xml:32:13-37:29
50-->src/main/AndroidManifest.xml:32:28-53
51                <action android:name="android.intent.action.VIEW" />
51-->src/main/AndroidManifest.xml:33:17-69
51-->src/main/AndroidManifest.xml:33:25-66
52
53                <category android:name="android.intent.category.DEFAULT" />
53-->src/main/AndroidManifest.xml:34:17-76
53-->src/main/AndroidManifest.xml:34:27-73
54                <category android:name="android.intent.category.BROWSABLE" />
54-->src/main/AndroidManifest.xml:35:17-78
54-->src/main/AndroidManifest.xml:35:27-75
55
56                <data
56-->src/main/AndroidManifest.xml:36:17-75
57                    android:host="1click.live"
57-->src/main/AndroidManifest.xml:36:46-72
58                    android:scheme="https" />
58-->src/main/AndroidManifest.xml:36:23-45
59            </intent-filter>
60        </activity>
61        <activity
61-->src/main/AndroidManifest.xml:40:9-43:52
62            android:name="com.google.androidbrowserhelper.trusted.FocusActivity"
62-->src/main/AndroidManifest.xml:41:13-81
63            android:exported="false"
63-->src/main/AndroidManifest.xml:42:13-37
64            android:screenOrientation="portrait" />
64-->src/main/AndroidManifest.xml:43:13-49
65
66        <provider
67            android:name="androidx.core.content.FileProvider"
67-->src/main/AndroidManifest.xml:46:13-62
68            android:authorities="com.games.oneclick.fileprovider"
68-->src/main/AndroidManifest.xml:47:13-64
69            android:exported="false"
69-->src/main/AndroidManifest.xml:48:13-37
70            android:grantUriPermissions="true" >
70-->src/main/AndroidManifest.xml:49:13-47
71            <meta-data
71-->src/main/AndroidManifest.xml:50:13-52:53
72                android:name="android.support.FILE_PROVIDER_PATHS"
72-->src/main/AndroidManifest.xml:51:17-67
73                android:resource="@xml/filepaths" />
73-->src/main/AndroidManifest.xml:52:17-50
74        </provider>
75    </application>
76
77</manifest>